2025-12-02 20:36:52,389 P1640 [INFO] ************************************************************
2025-12-02 20:36:52,389 P1640 [INFO] ConfigSet _OnInstanceBoot
2025-12-02 20:36:52,391 P1640 [INFO] ++++++++++++++++++++++++++++++++++++++++++++++++++++++++++++
2025-12-02 20:36:52,391 P1640 [INFO] Config AWSEBBaseConfig
2025-12-02 20:36:52,594 P1640 [INFO] ============================================================
2025-12-02 20:36:52,594 P1640 [INFO] Command clearbackupfiles
2025-12-02 20:36:52,604 P1640 [INFO] Completed successfully.
2025-12-02 20:36:52,607 P1640 [INFO] ++++++++++++++++++++++++++++++++++++++++++++++++++++++++++++
2025-12-02 20:36:52,607 P1640 [INFO] Config AWSEBCfnHupEndpointOverride
2025-12-02 20:36:52,607 P1640 [INFO] ============================================================
2025-12-02 20:36:52,607 P1640 [INFO] Command clearbackupfiles
2025-12-02 20:36:52,611 P1640 [INFO] Completed successfully.
2025-12-02 20:37:57,922 P1836 [INFO] ************************************************************
2025-12-02 20:37:57,922 P1836 [INFO] ConfigSet Infra-EmbeddedPreBuild
2025-12-02 20:37:57,924 P1836 [INFO] ++++++++++++++++++++++++++++++++++++++++++++++++++++++++++++
2025-12-02 20:37:57,924 P1836 [INFO] Config prebuild_0_darkstoryai
2025-12-02 20:37:57,926 P1836 [INFO] ++++++++++++++++++++++++++++++++++++++++++++++++++++++++++++
2025-12-02 20:37:57,927 P1836 [INFO] Config prebuild_1_darkstoryai
2025-12-02 20:38:00,294 P1991 [INFO] ************************************************************
2025-12-02 20:38:00,294 P1991 [INFO] ConfigSet Infra-EmbeddedPostBuild
2025-12-02 20:39:34,461 P2222 [INFO] ************************************************************
2025-12-02 20:39:34,461 P2222 [INFO] ConfigSet Infra-EmbeddedPreBuild
2025-12-02 20:39:54,533 P2403 [INFO] ************************************************************
2025-12-02 20:39:54,533 P2403 [INFO] ConfigSet Infra-EmbeddedPostBuild
2025-12-02 20:59:27,611 P3319 [INFO] ************************************************************
2025-12-02 20:59:27,611 P3319 [INFO] ConfigSet Infra-EmbeddedPreBuild
