2025-12-02 04:50:59,077 P1640 [INFO] ************************************************************
2025-12-02 04:50:59,077 P1640 [INFO] ConfigSet _OnInstanceBoot
2025-12-02 04:50:59,080 P1640 [INFO] ++++++++++++++++++++++++++++++++++++++++++++++++++++++++++++
2025-12-02 04:50:59,080 P1640 [INFO] Config AWSEBBaseConfig
2025-12-02 04:50:59,381 P1640 [INFO] ============================================================
2025-12-02 04:50:59,381 P1640 [INFO] Command clearbackupfiles
2025-12-02 04:50:59,393 P1640 [INFO] Completed successfully.
2025-12-02 04:50:59,396 P1640 [INFO] ++++++++++++++++++++++++++++++++++++++++++++++++++++++++++++
2025-12-02 04:50:59,396 P1640 [INFO] Config AWSEBCfnHupEndpointOverride
2025-12-02 04:50:59,397 P1640 [INFO] ============================================================
2025-12-02 04:50:59,397 P1640 [INFO] Command clearbackupfiles
2025-12-02 04:50:59,400 P1640 [INFO] Completed successfully.
2025-12-02 04:52:04,902 P1837 [INFO] ************************************************************
2025-12-02 04:52:04,902 P1837 [INFO] ConfigSet Infra-EmbeddedPreBuild
2025-12-02 04:52:04,904 P1837 [INFO] ++++++++++++++++++++++++++++++++++++++++++++++++++++++++++++
2025-12-02 04:52:04,904 P1837 [INFO] Config prebuild_0_DarkStory
2025-12-02 04:52:04,907 P1837 [INFO] ++++++++++++++++++++++++++++++++++++++++++++++++++++++++++++
2025-12-02 04:52:04,907 P1837 [INFO] Config prebuild_1_DarkStory
2025-12-02 04:52:10,635 P2055 [INFO] ************************************************************
2025-12-02 04:52:10,635 P2055 [INFO] ConfigSet Infra-EmbeddedPostBuild
2025-12-02 20:18:56,986 P32808 [INFO] ************************************************************
2025-12-02 20:18:56,986 P32808 [INFO] ConfigSet Infra-EmbeddedPreBuild
2025-12-02 20:19:00,133 P32981 [INFO] ************************************************************
2025-12-02 20:19:00,133 P32981 [INFO] ConfigSet Infra-EmbeddedPostBuild
2025-12-02 20:22:56,188 P33386 [INFO] ************************************************************
2025-12-02 20:22:56,188 P33386 [INFO] ConfigSet Infra-EmbeddedPreBuild
2025-12-02 20:22:59,092 P33558 [INFO] ************************************************************
2025-12-02 20:22:59,092 P33558 [INFO] ConfigSet Infra-EmbeddedPostBuild
2025-12-02 20:25:32,185 P33818 [INFO] ************************************************************
2025-12-02 20:25:32,185 P33818 [INFO] ConfigSet Infra-EmbeddedPreBuild
2025-12-02 20:25:35,147 P34040 [INFO] ************************************************************
2025-12-02 20:25:35,147 P34040 [INFO] ConfigSet Infra-EmbeddedPostBuild
