2025-12-02 04:51:02,654 [DEBUG] CloudFormation client initialized with endpoint https://cloudformation.us-east-2.amazonaws.com
2025-12-02 04:51:02,655 [DEBUG] SQS client initialized with endpoint https://sqs.us-east-2.amazonaws.com
2025-12-02 04:51:02,655 [DEBUG] CloudFormation client initialized with endpoint https://cloudformation.us-east-2.amazonaws.com
2025-12-02 04:51:02,655 [DEBUG] Enabled single threading mode.
2025-12-02 04:51:02,655 [DEBUG] Creating /var/lib/cfn-hup/data
2025-12-02 04:51:02,666 [INFO] No umask value specified in config file. Using the default one: 0o22
2025-12-02 04:51:02,722 [INFO] Pid: 1771
2025-12-02 04:51:03,050 [INFO] Refreshing listener credentials
2025-12-02 04:51:03,136 [INFO] Scheduling next credential refresh in 1799.0 seconds
2025-12-02 04:52:03,141 [WARNING] Timeout of 60 seconds breached
2025-12-02 04:52:03,141 [ERROR] Client-side timeout
Traceback (most recent call last):
  File "/usr/lib/python3.9/site-packages/cfnbootstrap/util.py", line 191, in _retry
    return f(*args, **kwargs)
  File "/usr/lib/python3.9/site-packages/cfnbootstrap/util.py", line 264, in _timeout
    raise TimeoutError(
cfnbootstrap.util.TimeoutError
2025-12-02 04:52:03,509 [INFO] Received command ElasticBeanstalkCommand-AWSEBAutoScalingGroup (invocation id: 3ed2abcd-550c-44dd-9b85-cd7b35ad42fc)
2025-12-02 04:52:03,509 [INFO] Running action for aws-eb-command-handler
2025-12-02 04:52:12,361 [INFO] Action for aws-eb-command-handler succeeded, returning SUCCESS
2025-12-02 04:56:12,753 [INFO] command processing is alive.
2025-12-02 05:01:13,167 [INFO] command processing is alive.
2025-12-02 05:06:13,623 [INFO] command processing is alive.
2025-12-02 05:11:14,107 [INFO] command processing is alive.
2025-12-02 05:16:14,612 [INFO] command processing is alive.
2025-12-02 05:21:02,137 [INFO] Refreshing listener credentials
2025-12-02 05:21:02,220 [INFO] Scheduling next credential refresh in 1799.0 seconds
2025-12-02 05:21:15,016 [INFO] command processing is alive.
2025-12-02 05:26:15,476 [INFO] command processing is alive.
2025-12-02 05:31:15,959 [INFO] command processing is alive.
2025-12-02 05:36:16,370 [INFO] command processing is alive.
2025-12-02 05:41:16,783 [INFO] command processing is alive.
2025-12-02 05:46:17,198 [INFO] command processing is alive.
2025-12-02 05:51:01,220 [INFO] Refreshing listener credentials
2025-12-02 05:51:01,321 [INFO] Scheduling next credential refresh in 1799.0 seconds
2025-12-02 05:51:17,600 [INFO] command processing is alive.
2025-12-02 05:56:18,005 [INFO] command processing is alive.
2025-12-02 06:01:18,423 [INFO] command processing is alive.
2025-12-02 06:06:18,844 [INFO] command processing is alive.
2025-12-02 06:11:19,304 [INFO] command processing is alive.
2025-12-02 06:16:19,724 [INFO] command processing is alive.
2025-12-02 06:21:00,322 [INFO] Refreshing listener credentials
2025-12-02 06:21:00,403 [INFO] Scheduling next credential refresh in 1799.0 seconds
2025-12-02 06:21:20,180 [INFO] command processing is alive.
2025-12-02 06:26:20,641 [INFO] command processing is alive.
2025-12-02 06:31:21,069 [INFO] command processing is alive.
2025-12-02 06:36:21,531 [INFO] command processing is alive.
2025-12-02 06:41:22,031 [INFO] command processing is alive.
2025-12-02 06:46:22,477 [INFO] command processing is alive.
2025-12-02 06:50:59,403 [INFO] Refreshing listener credentials
2025-12-02 06:50:59,492 [INFO] Scheduling next credential refresh in 1799.0 seconds
2025-12-02 06:51:22,935 [INFO] command processing is alive.
2025-12-02 06:56:23,381 [INFO] command processing is alive.
2025-12-02 07:01:23,806 [INFO] command processing is alive.
2025-12-02 07:06:24,271 [INFO] command processing is alive.
2025-12-02 07:11:24,688 [INFO] command processing is alive.
2025-12-02 07:16:25,091 [INFO] command processing is alive.
2025-12-02 07:20:58,493 [INFO] Refreshing listener credentials
2025-12-02 07:20:58,592 [INFO] Scheduling next credential refresh in 1799.0 seconds
2025-12-02 07:21:25,500 [INFO] command processing is alive.
2025-12-02 07:26:25,926 [INFO] command processing is alive.
2025-12-02 07:31:26,349 [INFO] command processing is alive.
2025-12-02 07:36:26,760 [INFO] command processing is alive.
2025-12-02 07:41:27,193 [INFO] command processing is alive.
2025-12-02 07:46:27,592 [INFO] command processing is alive.
2025-12-02 07:50:57,592 [INFO] Refreshing listener credentials
2025-12-02 07:50:57,674 [INFO] Scheduling next credential refresh in 1799.0 seconds
2025-12-02 07:51:28,001 [INFO] command processing is alive.
2025-12-02 07:56:28,417 [INFO] command processing is alive.
2025-12-02 08:01:28,821 [INFO] command processing is alive.
2025-12-02 08:06:29,252 [INFO] command processing is alive.
2025-12-02 08:11:29,654 [INFO] command processing is alive.
2025-12-02 08:16:30,078 [INFO] command processing is alive.
2025-12-02 08:20:56,674 [INFO] Refreshing listener credentials
2025-12-02 08:20:56,752 [INFO] Scheduling next credential refresh in 1799.0 seconds
2025-12-02 08:21:30,486 [INFO] command processing is alive.
2025-12-02 08:26:30,896 [INFO] command processing is alive.
2025-12-02 08:31:31,372 [INFO] command processing is alive.
2025-12-02 08:36:31,788 [INFO] command processing is alive.
2025-12-02 08:41:32,224 [INFO] command processing is alive.
2025-12-02 08:46:32,628 [INFO] command processing is alive.
2025-12-02 08:50:55,752 [INFO] Refreshing listener credentials
2025-12-02 08:50:55,834 [INFO] Scheduling next credential refresh in 1799.0 seconds
2025-12-02 08:51:33,046 [INFO] command processing is alive.
2025-12-02 08:56:33,484 [INFO] command processing is alive.
2025-12-02 09:01:33,910 [INFO] command processing is alive.
2025-12-02 09:06:34,330 [INFO] command processing is alive.
2025-12-02 09:11:34,718 [INFO] command processing is alive.
2025-12-02 09:16:35,165 [INFO] command processing is alive.
2025-12-02 09:20:54,835 [INFO] Refreshing listener credentials
2025-12-02 09:20:54,909 [INFO] Scheduling next credential refresh in 1799.0 seconds
2025-12-02 09:21:35,583 [INFO] command processing is alive.
2025-12-02 09:26:36,005 [INFO] command processing is alive.
2025-12-02 09:31:36,411 [INFO] command processing is alive.
2025-12-02 09:36:36,836 [INFO] command processing is alive.
2025-12-02 09:41:37,242 [INFO] command processing is alive.
2025-12-02 09:46:37,638 [INFO] command processing is alive.
2025-12-02 09:50:53,910 [INFO] Refreshing listener credentials
2025-12-02 09:50:53,996 [INFO] Scheduling next credential refresh in 1799.0 seconds
2025-12-02 09:51:38,041 [INFO] command processing is alive.
2025-12-02 09:56:38,452 [INFO] command processing is alive.
2025-12-02 10:01:38,876 [INFO] command processing is alive.
2025-12-02 10:06:39,289 [INFO] command processing is alive.
2025-12-02 10:11:39,699 [INFO] command processing is alive.
2025-12-02 10:16:40,221 [INFO] command processing is alive.
2025-12-02 10:20:52,997 [INFO] Refreshing listener credentials
2025-12-02 10:20:53,073 [INFO] Scheduling next credential refresh in 1799.0 seconds
2025-12-02 10:21:40,618 [INFO] command processing is alive.
2025-12-02 10:26:41,087 [INFO] command processing is alive.
2025-12-02 10:31:41,529 [INFO] command processing is alive.
2025-12-02 10:36:42,060 [INFO] command processing is alive.
2025-12-02 10:41:42,529 [INFO] command processing is alive.
2025-12-02 10:46:42,968 [INFO] command processing is alive.
2025-12-02 10:50:52,074 [INFO] Refreshing listener credentials
2025-12-02 10:50:52,157 [INFO] Scheduling next credential refresh in 1799.0 seconds
2025-12-02 10:51:43,373 [INFO] command processing is alive.
2025-12-02 10:56:43,785 [INFO] command processing is alive.
2025-12-02 11:01:44,217 [INFO] command processing is alive.
2025-12-02 11:06:44,630 [INFO] command processing is alive.
2025-12-02 11:11:45,040 [INFO] command processing is alive.
2025-12-02 11:16:45,460 [INFO] command processing is alive.
2025-12-02 11:20:51,158 [INFO] Refreshing listener credentials
2025-12-02 11:20:51,239 [INFO] Scheduling next credential refresh in 1799.0 seconds
2025-12-02 11:21:45,858 [INFO] command processing is alive.
2025-12-02 11:26:46,284 [INFO] command processing is alive.
2025-12-02 11:31:46,679 [INFO] command processing is alive.
2025-12-02 11:36:47,081 [INFO] command processing is alive.
2025-12-02 11:41:47,492 [INFO] command processing is alive.
2025-12-02 11:46:47,921 [INFO] command processing is alive.
2025-12-02 11:50:50,240 [INFO] Refreshing listener credentials
2025-12-02 11:50:50,320 [INFO] Scheduling next credential refresh in 1799.0 seconds
2025-12-02 11:51:48,331 [INFO] command processing is alive.
2025-12-02 11:56:48,729 [INFO] command processing is alive.
2025-12-02 12:01:49,161 [INFO] command processing is alive.
2025-12-02 12:06:49,582 [INFO] command processing is alive.
2025-12-02 12:11:50,025 [INFO] command processing is alive.
2025-12-02 12:16:50,425 [INFO] command processing is alive.
2025-12-02 12:20:49,321 [INFO] Refreshing listener credentials
2025-12-02 12:20:49,400 [INFO] Scheduling next credential refresh in 1799.0 seconds
2025-12-02 12:21:50,889 [INFO] command processing is alive.
2025-12-02 12:26:51,294 [INFO] command processing is alive.
2025-12-02 12:31:51,690 [INFO] command processing is alive.
2025-12-02 12:36:52,133 [INFO] command processing is alive.
2025-12-02 12:41:52,550 [INFO] command processing is alive.
2025-12-02 12:46:52,948 [INFO] command processing is alive.
2025-12-02 12:50:48,400 [INFO] Refreshing listener credentials
2025-12-02 12:50:48,477 [INFO] Scheduling next credential refresh in 1799.0 seconds
2025-12-02 12:51:53,358 [INFO] command processing is alive.
2025-12-02 12:56:53,773 [INFO] command processing is alive.
2025-12-02 13:01:54,218 [INFO] command processing is alive.
2025-12-02 13:06:54,676 [INFO] command processing is alive.
2025-12-02 13:11:55,102 [INFO] command processing is alive.
2025-12-02 13:16:55,543 [INFO] command processing is alive.
2025-12-02 13:20:47,478 [INFO] Refreshing listener credentials
2025-12-02 13:20:47,548 [INFO] Scheduling next credential refresh in 1799.0 seconds
2025-12-02 13:21:55,970 [INFO] command processing is alive.
2025-12-02 13:26:56,427 [INFO] command processing is alive.
2025-12-02 13:31:56,834 [INFO] command processing is alive.
2025-12-02 13:36:57,263 [INFO] command processing is alive.
2025-12-02 13:41:57,663 [INFO] command processing is alive.
2025-12-02 13:46:58,059 [INFO] command processing is alive.
2025-12-02 13:50:46,549 [INFO] Refreshing listener credentials
2025-12-02 13:50:46,620 [INFO] Scheduling next credential refresh in 1799.0 seconds
2025-12-02 13:51:58,479 [INFO] command processing is alive.
2025-12-02 13:56:58,884 [INFO] command processing is alive.
2025-12-02 14:01:59,296 [INFO] command processing is alive.
2025-12-02 14:06:59,715 [INFO] command processing is alive.
2025-12-02 14:12:00,176 [INFO] command processing is alive.
2025-12-02 14:17:00,608 [INFO] command processing is alive.
2025-12-02 14:20:45,620 [INFO] Refreshing listener credentials
2025-12-02 14:20:45,701 [INFO] Scheduling next credential refresh in 1799.0 seconds
2025-12-02 14:22:01,040 [INFO] command processing is alive.
2025-12-02 14:27:01,510 [INFO] command processing is alive.
2025-12-02 14:32:02,046 [INFO] command processing is alive.
2025-12-02 14:37:02,518 [INFO] command processing is alive.
2025-12-02 14:42:02,937 [INFO] command processing is alive.
2025-12-02 14:47:03,345 [INFO] command processing is alive.
2025-12-02 14:50:44,701 [INFO] Refreshing listener credentials
2025-12-02 14:50:44,773 [INFO] Scheduling next credential refresh in 1799.0 seconds
2025-12-02 14:52:03,782 [INFO] command processing is alive.
2025-12-02 14:57:04,202 [INFO] command processing is alive.
2025-12-02 15:02:04,657 [INFO] command processing is alive.
2025-12-02 15:07:05,069 [INFO] command processing is alive.
2025-12-02 15:12:05,490 [INFO] command processing is alive.
2025-12-02 15:17:05,898 [INFO] command processing is alive.
2025-12-02 15:20:43,774 [INFO] Refreshing listener credentials
2025-12-02 15:20:43,853 [INFO] Scheduling next credential refresh in 1799.0 seconds
2025-12-02 15:22:06,337 [INFO] command processing is alive.
2025-12-02 15:27:06,881 [INFO] command processing is alive.
2025-12-02 15:32:07,283 [INFO] command processing is alive.
2025-12-02 15:37:07,711 [INFO] command processing is alive.
2025-12-02 15:42:08,138 [INFO] command processing is alive.
2025-12-02 15:47:08,622 [INFO] command processing is alive.
2025-12-02 15:50:42,853 [INFO] Refreshing listener credentials
2025-12-02 15:50:42,933 [INFO] Scheduling next credential refresh in 1799.0 seconds
2025-12-02 15:52:09,024 [INFO] command processing is alive.
2025-12-02 15:57:09,438 [INFO] command processing is alive.
2025-12-02 16:02:09,851 [INFO] command processing is alive.
2025-12-02 16:07:10,259 [INFO] command processing is alive.
2025-12-02 16:12:10,651 [INFO] command processing is alive.
2025-12-02 16:17:11,103 [INFO] command processing is alive.
2025-12-02 16:20:41,933 [INFO] Refreshing listener credentials
2025-12-02 16:20:42,008 [INFO] Scheduling next credential refresh in 1799.0 seconds
2025-12-02 16:22:11,500 [INFO] command processing is alive.
2025-12-02 16:27:11,938 [INFO] command processing is alive.
2025-12-02 16:32:12,371 [INFO] command processing is alive.
2025-12-02 16:37:12,766 [INFO] command processing is alive.
2025-12-02 16:42:14,590 [INFO] command processing is alive.
2025-12-02 16:47:14,996 [INFO] command processing is alive.
2025-12-02 16:50:41,009 [INFO] Refreshing listener credentials
2025-12-02 16:50:41,094 [INFO] Scheduling next credential refresh in 1799.0 seconds
2025-12-02 16:52:15,406 [INFO] command processing is alive.
2025-12-02 16:57:15,815 [INFO] command processing is alive.
2025-12-02 17:02:16,227 [INFO] command processing is alive.
2025-12-02 17:07:16,700 [INFO] command processing is alive.
2025-12-02 17:12:17,133 [INFO] command processing is alive.
2025-12-02 17:17:17,626 [INFO] command processing is alive.
2025-12-02 17:20:40,094 [INFO] Refreshing listener credentials
2025-12-02 17:20:40,167 [INFO] Scheduling next credential refresh in 1799.0 seconds
2025-12-02 17:22:18,027 [INFO] command processing is alive.
2025-12-02 17:27:18,437 [INFO] command processing is alive.
2025-12-02 17:32:18,837 [INFO] command processing is alive.
2025-12-02 17:37:19,231 [INFO] command processing is alive.
2025-12-02 17:42:19,638 [INFO] command processing is alive.
2025-12-02 17:47:20,089 [INFO] command processing is alive.
2025-12-02 17:50:39,168 [INFO] Refreshing listener credentials
2025-12-02 17:50:39,253 [INFO] Scheduling next credential refresh in 1799.0 seconds
2025-12-02 17:52:20,481 [INFO] command processing is alive.
2025-12-02 17:57:20,911 [INFO] command processing is alive.
2025-12-02 18:02:21,412 [INFO] command processing is alive.
2025-12-02 18:07:21,878 [INFO] command processing is alive.
2025-12-02 18:12:22,325 [INFO] command processing is alive.
2025-12-02 18:17:22,727 [INFO] command processing is alive.
2025-12-02 18:20:38,254 [INFO] Refreshing listener credentials
2025-12-02 18:20:38,341 [INFO] Scheduling next credential refresh in 1799.0 seconds
2025-12-02 18:22:23,174 [INFO] command processing is alive.
2025-12-02 18:27:23,676 [INFO] command processing is alive.
2025-12-02 18:32:24,101 [INFO] command processing is alive.
2025-12-02 18:37:24,522 [INFO] command processing is alive.
2025-12-02 18:42:24,994 [INFO] command processing is alive.
2025-12-02 18:47:25,412 [INFO] command processing is alive.
2025-12-02 18:50:37,342 [INFO] Refreshing listener credentials
2025-12-02 18:50:37,415 [INFO] Scheduling next credential refresh in 1799.0 seconds
2025-12-02 18:52:25,834 [INFO] command processing is alive.
2025-12-02 18:57:26,238 [INFO] command processing is alive.
2025-12-02 19:02:26,735 [INFO] command processing is alive.
2025-12-02 19:07:27,139 [INFO] command processing is alive.
2025-12-02 19:12:27,571 [INFO] command processing is alive.
2025-12-02 19:17:28,048 [INFO] command processing is alive.
2025-12-02 19:20:36,415 [INFO] Refreshing listener credentials
2025-12-02 19:20:36,502 [INFO] Scheduling next credential refresh in 1799.0 seconds
2025-12-02 19:22:28,452 [INFO] command processing is alive.
2025-12-02 19:27:28,929 [INFO] command processing is alive.
2025-12-02 19:32:29,353 [INFO] command processing is alive.
2025-12-02 19:37:29,781 [INFO] command processing is alive.
2025-12-02 19:42:30,222 [INFO] command processing is alive.
2025-12-02 19:47:30,642 [INFO] command processing is alive.
2025-12-02 19:50:35,503 [INFO] Refreshing listener credentials
2025-12-02 19:50:35,584 [INFO] Scheduling next credential refresh in 1799.0 seconds
2025-12-02 19:52:31,051 [INFO] command processing is alive.
2025-12-02 19:57:31,463 [INFO] command processing is alive.
2025-12-02 20:02:31,880 [INFO] command processing is alive.
2025-12-02 20:07:32,280 [INFO] command processing is alive.
2025-12-02 20:07:48,028 [INFO] Received command ElasticBeanstalkCommand-AWSEBAutoScalingGroup (invocation id: 293a2994-ad0d-46ed-8761-bbc39916ab3b)
2025-12-02 20:07:48,028 [INFO] Running action for aws-eb-command-handler
2025-12-02 20:07:48,833 [INFO] Action for aws-eb-command-handler succeeded, returning SUCCESS
2025-12-02 20:12:49,293 [INFO] command processing is alive.
2025-12-02 20:13:37,974 [INFO] Received command ElasticBeanstalkCommand-AWSEBAutoScalingGroup (invocation id: 04086873-3080-4f82-b87b-374f66ccfd6f)
2025-12-02 20:13:37,975 [INFO] Running action for aws-eb-command-handler
2025-12-02 20:13:38,707 [INFO] Action for aws-eb-command-handler succeeded, returning SUCCESS
2025-12-02 20:17:59,203 [INFO] command processing is alive.
2025-12-02 20:18:55,703 [INFO] Received command ElasticBeanstalkCommand-AWSEBAutoScalingGroup (invocation id: 9a7b7aa9-957f-4603-93a4-8e6c8336aee7)
2025-12-02 20:18:55,703 [INFO] Running action for aws-eb-command-handler
2025-12-02 20:19:02,737 [INFO] Action for aws-eb-command-handler succeeded, returning SUCCESS
2025-12-02 20:20:25,936 [INFO] Received command ElasticBeanstalkCommand-AWSEBAutoScalingGroup (invocation id: 7a88ff4b-1925-4e8f-bde7-d21f4e852f40)
2025-12-02 20:20:25,937 [INFO] Running action for aws-eb-command-handler
2025-12-02 20:20:26,678 [INFO] Action for aws-eb-command-handler succeeded, returning SUCCESS
2025-12-02 20:20:34,584 [INFO] Refreshing listener credentials
2025-12-02 20:20:34,684 [INFO] Scheduling next credential refresh in 1799.0 seconds
2025-12-02 20:22:54,799 [INFO] Received command ElasticBeanstalkCommand-AWSEBAutoScalingGroup (invocation id: ab1bf0ba-2701-4b62-a2aa-1010735ce4d4)
2025-12-02 20:22:54,799 [INFO] Running action for aws-eb-command-handler
2025-12-02 20:23:00,646 [INFO] Action for aws-eb-command-handler succeeded, returning SUCCESS
2025-12-02 20:23:00,700 [INFO] command processing is alive.
2025-12-02 20:25:30,888 [INFO] Received command ElasticBeanstalkCommand-AWSEBAutoScalingGroup (invocation id: 09ab0fe3-3ee1-4742-8482-c804442b167d)
2025-12-02 20:25:30,888 [INFO] Running action for aws-eb-command-handler
2025-12-02 20:25:36,796 [INFO] Action for aws-eb-command-handler succeeded, returning SUCCESS
2025-12-02 20:26:55,378 [INFO] Received command ElasticBeanstalkCommand-AWSEBAutoScalingGroup (invocation id: 2c0bc194-f020-4720-9dc4-18193021f930)
2025-12-02 20:26:55,378 [INFO] Running action for aws-eb-command-handler
