[2025-12-02T04:50:58Z] Started EB User Data
+ SLEEP_TIME=2
+ SLEEP_TIME_MAX=3600
+ true
+ curl https://elasticbeanstalk-platform-assets-us-east-2.s3.us-east-2.amazonaws.com/stalks/eb_nodejs24_amazon_linux_2023_1.0.1472.0_20251119002845/lib/UserDataScript.sh
  % Total    % Received % Xferd  Average Speed   Time    Time     Time  Current
                                 Dload  Upload   Total   Spent    Left  Speed
  0     0    0     0    0     0      0      0 --:--:-- --:--:-- --:--:--     0100  4838  100  4838    0     0  82644      0 --:--:-- --:--:-- --:--:-- 83413
+ RESULT=0
+ [[ 0 -ne 0 ]]
+ /bin/bash /tmp/ebbootstrap.sh 'https://cloudformation-waitcondition-us-east-2.s3.us-east-2.amazonaws.com/arn%3Aaws%3Acloudformation%3Aus-east-2%3A225989333714%3Astack/awseb-e-rampyurtwx-stack/6550c3d0-cf3a-11f0-ac6b-0a90f96d252b/6552bfa0-cf3a-11f0-ac6b-0a90f96d252b/AWSEBInstanceLaunchWaitHandle?X-Amz-Algorithm=AWS4-HMAC-SHA256&X-Amz-Date=20251202T045019Z&X-Amz-SignedHeaders=host&X-Amz-Expires=86399&X-Amz-Credential=AKIAVRFIPK6PEIG2DZWK%2F20251202%2Fus-east-2%2Fs3%2Faws4_request&X-Amz-Signature=0380490e8d38c0ff5900db8844e029f3ce8f907e6fdfea9195068b6537d865a9' arn:aws:cloudformation:us-east-2:225989333714:stack/awseb-e-rampyurtwx-stack/6550c3d0-cf3a-11f0-ac6b-0a90f96d252b 5263ca87-81dd-434b-888f-78f47378bcbb https://elasticbeanstalk-health.us-east-2.amazonaws.com '' https://elasticbeanstalk-platform-assets-us-east-2.s3.us-east-2.amazonaws.com/stalks/eb_nodejs24_amazon_linux_2023_1.0.1472.0_20251119002845 us-east-2
[2025-12-02T04:50:58.590Z] Started EB Bootstrapping Script.
[2025-12-02T04:50:58.606Z] Received parameters:
 TARBALLS = 
 EB_GEMS = 
 SIGNAL_URL = https://cloudformation-waitcondition-us-east-2.s3.us-east-2.amazonaws.com/arn%3Aaws%3Acloudformation%3Aus-east-2%3A225989333714%3Astack/awseb-e-rampyurtwx-stack/6550c3d0-cf3a-11f0-ac6b-0a90f96d252b/6552bfa0-cf3a-11f0-ac6b-0a90f96d252b/AWSEBInstanceLaunchWaitHandle?X-Amz-Algorithm=AWS4-HMAC-SHA256&X-Amz-Date=20251202T045019Z&X-Amz-SignedHeaders=host&X-Amz-Expires=86399&X-Amz-Credential=AKIAVRFIPK6PEIG2DZWK%2F20251202%2Fus-east-2%2Fs3%2Faws4_request&X-Amz-Signature=0380490e8d38c0ff5900db8844e029f3ce8f907e6fdfea9195068b6537d865a9
 STACK_ID = arn:aws:cloudformation:us-east-2:225989333714:stack/awseb-e-rampyurtwx-stack/6550c3d0-cf3a-11f0-ac6b-0a90f96d252b
 REGION = us-east-2
 GUID = 
 HEALTHD_GROUP_ID = 5263ca87-81dd-434b-888f-78f47378bcbb
 HEALTHD_ENDPOINT = https://elasticbeanstalk-health.us-east-2.amazonaws.com
 PROXY_SERVER = 
 HEALTHD_PROXY_LOG_LOCATION = 
 PLATFORM_ASSETS_URL = https://elasticbeanstalk-platform-assets-us-east-2.s3.us-east-2.amazonaws.com/stalks/eb_nodejs24_amazon_linux_2023_1.0.1472.0_20251119002845
[2025-12-02T04:50:58.609Z] engine url is set to https://elasticbeanstalk-platform-assets-us-east-2.s3.us-east-2.amazonaws.com/stalks/eb_nodejs24_amazon_linux_2023_1.0.1472.0_20251119002845/lib/platform-engine.zip
[2025-12-02T04:50:58.612Z] first init of instance.
[2025-12-02T04:50:58.614Z] Started executing cfn_init _OnInstanceBoot.
[2025-12-02T04:50:58.616Z] Running cfn-init ConfigSet: _OnInstanceBoot.
[2025-12-02T04:50:58.618Z] Using stack-id from userdata
[2025-12-02T04:50:59.437Z] Command Returned: 
[2025-12-02T04:50:59.440Z] Completed executing cfn_init.
[2025-12-02T04:50:59.442Z] finished _OnInstanceBoot
[2025-12-02T04:50:59.444Z] installing platform engine
2025-12-02 04:50:59 URL:https://elasticbeanstalk-platform-assets-us-east-2.s3.us-east-2.amazonaws.com/stalks/eb_nodejs24_amazon_linux_2023_1.0.1472.0_20251119002845/lib/platform-engine.zip [33665461/33665461] -> "/tmp/platform-engine.zip" [1]
[2025-12-02T04:51:00.569Z] executing platform engine. see /var/log/eb-engine.log.
[2025-12-02T04:51:02.341Z] Successfully bootstrapped instance.
[2025-12-02T04:51:02.346Z] Sending signal 0 to CFN wait condition https://cloudformation-waitcondition-us-east-2.s3.us-east-2.amazonaws.com/arn%3Aaws%3Acloudformation%3Aus-east-2%3A225989333714%3Astack/awseb-e-rampyurtwx-stack/6550c3d0-cf3a-11f0-ac6b-0a90f96d252b/6552bfa0-cf3a-11f0-ac6b-0a90f96d252b/AWSEBInstanceLaunchWaitHandle?X-Amz-Algorithm=AWS4-HMAC-SHA256&X-Amz-Date=20251202T045019Z&X-Amz-SignedHeaders=host&X-Amz-Expires=86399&X-Amz-Credential=AKIAVRFIPK6PEIG2DZWK%2F20251202%2Fus-east-2%2Fs3%2Faws4_request&X-Amz-Signature=0380490e8d38c0ff5900db8844e029f3ce8f907e6fdfea9195068b6537d865a9
CloudFormation signaled successfully with status SUCCESS
[2025-12-02T04:51:02.756Z] Tailing /var/log/eb-engine.log

******************* eb-engine taillog *******************
2025/12/02 04:51:01.427829 [INFO] bootstrap healthd....
2025/12/02 04:51:01.427844 [INFO] Running command: /usr/bin/id -u healthd || /usr/sbin/useradd --user-group healthd -s /sbin/nologin --create-home
2025/12/02 04:51:01.430793 [INFO] 1001

2025/12/02 04:51:01.431164 [INFO] configure bundle log for healthd...
2025/12/02 04:51:01.431232 [INFO] Executing instruction: GetSetupProxyLog
2025/12/02 04:51:01.431312 [INFO] Skipping Install yum packages
2025/12/02 04:51:01.431317 [INFO] Skipping Install default nodejs
2025/12/02 04:51:01.431321 [INFO] Skipping MarkBaked
2025/12/02 04:51:01.431328 [INFO] Instance has NOT been bootstrapped
2025/12/02 04:51:01.431330 [INFO] Executing instruction: TuneSystemSettings
2025/12/02 04:51:01.431332 [INFO] Starting TuneSystemSettings
2025/12/02 04:51:01.431335 [INFO] Instance has NOT been bootstrapped
2025/12/02 04:51:01.434100 [INFO] Executing instruction: GetSetupLogRotate
2025/12/02 04:51:01.434111 [INFO] Initialize LogRotate files and directories
2025/12/02 04:51:01.453677 [INFO] Instance has NOT been bootstrapped
2025/12/02 04:51:01.453693 [INFO] Executing instruction: BootstrapCFNHup
2025/12/02 04:51:01.453696 [INFO] Bootstrap cfn-hup
2025/12/02 04:51:01.456250 [INFO] Copying file /opt/elasticbeanstalk/config/private/aws-eb-command-handler.conf to /etc/cfn/hooks.d/aws-eb-command-handler.conf
2025/12/02 04:51:01.458637 [INFO] Executing instruction: StartCFNHup
2025/12/02 04:51:01.458650 [INFO] Start cfn-hup
2025/12/02 04:51:01.458668 [INFO] Running command: systemctl show -p PartOf cfn-hup.service
2025/12/02 04:51:01.473737 [INFO] cfn-hup is not registered with EB yet, registering it now
2025/12/02 04:51:01.473785 [INFO] Running command: systemctl show -p PartOf cfn-hup.service
2025/12/02 04:51:01.489505 [INFO] Running command: systemctl daemon-reload
2025/12/02 04:51:01.676516 [INFO] Running command: systemctl reset-failed
2025/12/02 04:51:01.686511 [INFO] Running command: systemctl is-enabled aws-eb.target
2025/12/02 04:51:01.694841 [INFO] Running command: systemctl enable aws-eb.target
2025/12/02 04:51:01.998493 [INFO] Running command: systemctl start aws-eb.target
2025/12/02 04:51:02.007593 [INFO] Running command: systemctl enable cfn-hup.service
2025/12/02 04:51:02.245706 [INFO] Created symlink /etc/systemd/system/multi-user.target.wants/cfn-hup.service → /etc/systemd/system/cfn-hup.service.

2025/12/02 04:51:02.245743 [INFO] Running command: systemctl is-active cfn-hup.service
2025/12/02 04:51:02.254424 [INFO] cfn-hup process is not running, starting it now
2025/12/02 04:51:02.254452 [INFO] Running command: systemctl show -p PartOf cfn-hup.service
2025/12/02 04:51:02.264746 [INFO] Running command: systemctl is-active cfn-hup.service
2025/12/02 04:51:02.272991 [INFO] Running command: systemctl start cfn-hup.service
2025/12/02 04:51:02.335692 [INFO] Instance has NOT been bootstrapped
2025/12/02 04:51:02.335713 [INFO] Executing instruction: SetupPublishLogCronjob
2025/12/02 04:51:02.335717 [INFO] Setup publish logs cron job...
2025/12/02 04:51:02.335722 [INFO] Copying file /opt/elasticbeanstalk/config/private/logtasks/cron/publishlogs to /etc/cron.d/publishlogs
2025/12/02 04:51:02.338820 [INFO] Instance has NOT been bootstrapped
2025/12/02 04:51:02.338833 [INFO] Executing instruction: MarkBootstrapped
2025/12/02 04:51:02.338837 [INFO] Starting MarkBootstrapped
2025/12/02 04:51:02.338843 [INFO] Instance has NOT been bootstrapped
2025/12/02 04:51:02.338946 [INFO] Marked instance as Bootstrapped
2025/12/02 04:51:02.338951 [INFO] Executing instruction: Save CFN Stack Info
2025/12/02 04:51:02.339008 [INFO] Executing cleanup logic
2025/12/02 04:51:02.339018 [INFO] Platform Engine finished execution on command: env-launch
******************* End of taillog *******************


[2025-12-02T04:51:02.792Z] Tailing /var/log/eb-tools.log

******************* eb-tools taillog *******************
***eb-tools is not available yet.***
******************* End of taillog *******************


[2025-12-02T04:51:02.809Z] Tailing /var/log/eb-hooks.log

******************* eb-hooks taillog *******************
***eb-hooks is not available yet.***
******************* End of taillog *******************


[2025-12-02T04:51:02.828Z] Tailing /var/log/cfn-init.log

******************* cfn-init taillog *******************
2025-12-02 04:50:59,070 [INFO] -----------------------Starting build-----------------------
2025-12-02 04:50:59,075 [INFO] Running configSets: _OnInstanceBoot
2025-12-02 04:50:59,077 [INFO] Running configSet _OnInstanceBoot
2025-12-02 04:50:59,080 [INFO] Running config AWSEBBaseConfig
2025-12-02 04:50:59,393 [INFO] Command clearbackupfiles succeeded
2025-12-02 04:50:59,396 [INFO] Running config AWSEBCfnHupEndpointOverride
2025-12-02 04:50:59,401 [INFO] Command clearbackupfiles succeeded
2025-12-02 04:50:59,402 [INFO] ConfigSets completed
2025-12-02 04:50:59,402 [INFO] -----------------------Build complete-----------------------
******************* End of taillog *******************


[2025-12-02T04:51:02.836Z] Tailing /var/log/cfn-hup.log

******************* cfn-hup taillog *******************
2025-12-02 04:51:02,654 [DEBUG] CloudFormation client initialized with endpoint https://cloudformation.us-east-2.amazonaws.com
2025-12-02 04:51:02,655 [DEBUG] SQS client initialized with endpoint https://sqs.us-east-2.amazonaws.com
2025-12-02 04:51:02,655 [DEBUG] CloudFormation client initialized with endpoint https://cloudformation.us-east-2.amazonaws.com
2025-12-02 04:51:02,655 [DEBUG] Enabled single threading mode.
2025-12-02 04:51:02,655 [DEBUG] Creating /var/lib/cfn-hup/data
2025-12-02 04:51:02,666 [INFO] No umask value specified in config file. Using the default one: 0o22
2025-12-02 04:51:02,722 [INFO] Pid: 1771
******************* End of taillog *******************


[2025-12-02T04:51:02.839Z] Completed EB Bootstrapping Script.
+ RESULT=0
+ [[ 0 -ne 0 ]]
+ exit 0
